<?xml version="1.0" encoding="UTF-8"?>
<!-- Generated by org.testng.reporters.JUnitReportReporter -->
<testsuite hostname="DESKTOP-6VDCTDO" failures="0" tests="1" name="com.actitime.generics.demoscreenshot" time="13.591" errors="0" timestamp="2021-03-05T12:55:11 IST" skipped="0">
  <testcase classname="com.actitime.generics.demoscreenshot" name="testscreenshot" time="13.591"/>
  <system-out/>
</testsuite> <!-- com.actitime.generics.demoscreenshot -->
