<?xml version="1.0" encoding="UTF-8"?>
<!-- Generated by org.testng.reporters.JUnitReportReporter -->
<testsuite hostname="DESKTOP-6VDCTDO" failures="0" tests="1" name="com.actitime.testscript.Customermodule" time="15.389" errors="0" timestamp="2021-03-05T13:44:35 IST" skipped="0">
  <testcase classname="com.actitime.testscript.Customermodule" name="testcreatecustomer" time="15.389"/>
  <system-out>
createcustomer  </system-out>
</testsuite> <!-- com.actitime.testscript.Customermodule -->
